[debug] [2025-07-04T05:54:59.107Z] ----------------------------------------------------------------------
[debug] [2025-07-04T05:54:59.109Z] Command:       /usr/bin/node /home/tstoltz/.npm-global/bin/firebase projects:list
[debug] [2025-07-04T05:54:59.109Z] CLI Version:   13.35.1
[debug] [2025-07-04T05:54:59.109Z] Platform:      linux
[debug] [2025-07-04T05:54:59.109Z] Node Version:  v18.20.6
[debug] [2025-07-04T05:54:59.110Z] Time:          Fri Jul 04 2025 00:54:59 GMT-0500 (Central Daylight Time)
[debug] [2025-07-04T05:54:59.110Z] ----------------------------------------------------------------------
[debug] 
[debug] [2025-07-04T05:54:59.343Z] > command requires scopes: ["email","openid","https://www.googleapis.com/auth/cloudplatformprojects.readonly","https://www.googleapis.com/auth/firebase","https://www.googleapis.com/auth/cloud-platform"]
[debug] [2025-07-04T05:54:59.344Z] > authorizing via signed-in user (tristan.stoltz@evolvingresonantcocreationism.com)
[debug] [2025-07-04T05:54:59.347Z] Checked if tokens are valid: false, expires at: 1751591425562
[debug] [2025-07-04T05:54:59.347Z] Checked if tokens are valid: false, expires at: 1751591425562
[debug] [2025-07-04T05:54:59.347Z] > refreshing access token with scopes: []
[debug] [2025-07-04T05:54:59.349Z] >>> [apiv2][query] POST https://www.googleapis.com/oauth2/v3/token [none]
[debug] [2025-07-04T05:54:59.349Z] >>> [apiv2][body] POST https://www.googleapis.com/oauth2/v3/token [omitted]
[debug] [2025-07-04T05:55:00.939Z] <<< [apiv2][status] POST https://www.googleapis.com/oauth2/v3/token 400
[debug] [2025-07-04T05:55:00.939Z] <<< [apiv2][body] POST https://www.googleapis.com/oauth2/v3/token [omitted]
[error] Authentication Error: Your credentials are no longer valid. Please run firebase login --reauth

For CI servers and headless environments, generate a new token with firebase login:ci
[error] Authentication Error: Your credentials are no longer valid. Please run firebase login --reauth

For CI servers and headless environments, generate a new token with firebase login:ci
[debug] [2025-07-04T05:55:00.940Z] Authentication Error: Your credentials are no longer valid. Please run firebase login --reauth

For CI servers and headless environments, generate a new token with firebase login:ci
[debug] [2025-07-04T05:55:01.765Z] FirebaseError: Authentication Error: Your credentials are no longer valid. Please run firebase login --reauth

For CI servers and headless environments, generate a new token with firebase login:ci
    at invalidCredentialError (/home/tstoltz/.npm-global/lib/node_modules/firebase-tools/lib/auth.js:147:12)
    at refreshTokens (/home/tstoltz/.npm-global/lib/node_modules/firebase-tools/lib/auth.js:539:15)
    at process.processTicksAndRejections (node:internal/process/task_queues:95:5)
    at async getAccessToken (/home/tstoltz/.npm-global/lib/node_modules/firebase-tools/lib/apiv2.js:42:18)
    at async Client.addAuthHeader (/home/tstoltz/.npm-global/lib/node_modules/firebase-tools/lib/apiv2.js:169:21)
    at async Client.request (/home/tstoltz/.npm-global/lib/node_modules/firebase-tools/lib/apiv2.js:120:34)
    at async getProjectPage (/home/tstoltz/.npm-global/lib/node_modules/firebase-tools/lib/management/projects.js:265:17)
    at async getFirebaseProjectPage (/home/tstoltz/.npm-global/lib/node_modules/firebase-tools/lib/management/projects.js:282:23)
    at async listFirebaseProjects (/home/tstoltz/.npm-global/lib/node_modules/firebase-tools/lib/management/projects.js:313:29)
    at async Command.actionFn (/home/tstoltz/.npm-global/lib/node_modules/firebase-tools/lib/commands/projects-list.js:51:20)
[error] 
[error] Error: Failed to list Firebase projects. See firebase-debug.log for more info.
